<?xml version="1.0" encoding="UTF-8"?>
<testsuite xmlns:xsi="http://www.w3.org/2001/XMLSchema-instance" xsi:schemaLocation="https://maven.apache.org/surefire/maven-surefire-plugin/xsd/surefire-test-report.xsd" name="pl.polsl.anton.pustovidko.test.ModelTest" time="0.56" tests="6" errors="0" skipped="0" failures="0">
  <properties>
    <property name="java.runtime.name" value="Java(TM) SE Runtime Environment"/>
    <property name="java.vm.version" value="11.0.9+7-LTS"/>
    <property name="sun.boot.library.path" value="/Library/Java/JavaVirtualMachines/jdk-11.0.9.jdk/Contents/Home/lib"/>
    <property name="gopherProxySet" value="false"/>
    <property name="maven.multiModuleProjectDirectory" value="/Users/anton/NetBeansProjects/WebJPA1"/>
    <property name="java.vm.vendor" value="Oracle Corporation"/>
    <property name="java.vendor.url" value="https://openjdk.java.net/"/>
    <property name="guice.disable.misplaced.annotation.check" value="true"/>
    <property name="path.separator" value=":"/>
    <property name="java.vm.name" value="Java HotSpot(TM) 64-Bit Server VM"/>
    <property name="sun.os.patch.level" value="unknown"/>
    <property name="user.country" value="US"/>
    <property name="sun.java.launcher" value="SUN_STANDARD"/>
    <property name="java.vm.specification.name" value="Java Virtual Machine Specification"/>
    <property name="user.dir" value="/Users/anton/NetBeansProjects/WebJPA1"/>
    <property name="java.vm.compressedOopsMode" value="Zero based"/>
    <property name="java.runtime.version" value="11.0.9+7-LTS"/>
    <property name="java.awt.graphicsenv" value="sun.awt.CGraphicsEnvironment"/>
    <property name="os.arch" value="x86_64"/>
    <property name="java.io.tmpdir" value="/var/folders/3k/rs9_yk0119j1rfdqf0pc9t3h0000gn/T/"/>
    <property name="line.separator" value="&#10;"/>
    <property name="java.vm.specification.vendor" value="Oracle Corporation"/>
    <property name="os.name" value="Mac OS X"/>
    <property name="maven.ext.class.path" value="/Applications/NetBeans/Apache NetBeans 12.1.app/Contents/Resources/NetBeans/netbeans/java/maven-nblib/netbeans-eventspy.jar"/>
    <property name="classworlds.conf" value="/Applications/NetBeans/Apache NetBeans 12.1.app/Contents/Resources/NetBeans/netbeans/java/maven/bin/m2.conf"/>
    <property name="sun.jnu.encoding" value="UTF-8"/>
    <property name="java.library.path" value="/Users/anton/Library/Java/Extensions:/Library/Java/Extensions:/Network/Library/Java/Extensions:/System/Library/Java/Extensions:/usr/lib/java:."/>
    <property name="maven.conf" value="/Applications/NetBeans/Apache NetBeans 12.1.app/Contents/Resources/NetBeans/netbeans/java/maven/conf"/>
    <property name="jdk.debug" value="release"/>
    <property name="java.class.version" value="55.0"/>
    <property name="java.specification.name" value="Java Platform API Specification"/>
    <property name="sun.management.compiler" value="HotSpot 64-Bit Tiered Compilers"/>
    <property name="os.version" value="10.15.7"/>
    <property name="library.jansi.path" value="/Applications/NetBeans/Apache NetBeans 12.1.app/Contents/Resources/NetBeans/netbeans/java/maven/lib/jansi-native"/>
    <property name="http.nonProxyHosts" value="local|*.local|169.254/16|*.169.254/16"/>
    <property name="user.home" value="/Users/anton"/>
    <property name="user.timezone" value="Europe/Kiev"/>
    <property name="java.awt.printerjob" value="sun.lwawt.macosx.CPrinterJob"/>
    <property name="file.encoding" value="UTF-8"/>
    <property name="java.specification.version" value="11"/>
    <property name="user.name" value="anton"/>
    <property name="java.class.path" value="/Applications/NetBeans/Apache NetBeans 12.1.app/Contents/Resources/NetBeans/netbeans/java/maven/boot/plexus-classworlds-2.6.0.jar"/>
    <property name="java.vm.specification.version" value="11"/>
    <property name="sun.arch.data.model" value="64"/>
    <property name="sun.java.command" value="org.codehaus.plexus.classworlds.launcher.Launcher -Dmaven.ext.class.path=/Applications/NetBeans/Apache NetBeans 12.1.app/Contents/Resources/NetBeans/netbeans/java/maven-nblib/netbeans-eventspy.jar clean install"/>
    <property name="java.home" value="/Library/Java/JavaVirtualMachines/jdk-11.0.9.jdk/Contents/Home"/>
    <property name="user.language" value="en"/>
    <property name="java.specification.vendor" value="Oracle Corporation"/>
    <property name="awt.toolkit" value="sun.lwawt.macosx.LWCToolkit"/>
    <property name="java.vm.info" value="mixed mode"/>
    <property name="java.version" value="11.0.9"/>
    <property name="java.vendor" value="Oracle Corporation"/>
    <property name="maven.home" value="/Applications/NetBeans/Apache NetBeans 12.1.app/Contents/Resources/NetBeans/netbeans/java/maven"/>
    <property name="file.separator" value="/"/>
    <property name="java.version.date" value="2020-10-20"/>
    <property name="java.vendor.url.bug" value="https://bugreport.java.com/bugreport/"/>
    <property name="sun.io.unicode.encoding" value="UnicodeBig"/>
    <property name="sun.cpu.endian" value="little"/>
    <property name="java.vendor.version" value="18.9"/>
    <property name="socksNonProxyHosts" value="local|*.local|169.254/16|*.169.254/16"/>
    <property name="ftp.nonProxyHosts" value="local|*.local|169.254/16|*.169.254/16"/>
    <property name="sun.cpu.isalist" value=""/>
  </properties>
  <testcase name="simpleTestOfException" classname="pl.polsl.anton.pustovidko.test.ModelTest" time="0.066"/>
  <testcase name="testTextToBrailleConversion" classname="pl.polsl.anton.pustovidko.test.ModelTest" time="0.015"/>
  <testcase name="testBrailleToTextConversion" classname="pl.polsl.anton.pustovidko.test.ModelTest" time="0.007"/>
  <testcase name="plainTextToBraille{String, String}[1]" classname="pl.polsl.anton.pustovidko.test.ModelTest" time="0.137"/>
  <testcase name="plainTextToBraille{String, String}[2]" classname="pl.polsl.anton.pustovidko.test.ModelTest" time="0.001"/>
  <testcase name="plainTextToBraille{String, String}[3]" classname="pl.polsl.anton.pustovidko.test.ModelTest" time="0.001"/>
</testsuite>